Arguments: 
  /usr/local/bin/node /usr/local/bin/yarn fix

PATH: 
  /usr/local/bin:/usr/bin:/bin:/usr/sbin:/sbin

Yarn version: 
  1.22.10

Node version: 
  14.15.4

Platform: 
  darwin x64

Trace: 
  SyntaxError: /Users/seo/Documents/vuejs-project/vuenode/front/package.json: Unexpected token / in JSON at position 214
      at JSON.parse (<anonymous>)
      at /usr/local/lib/node_modules/yarn/lib/cli.js:1625:59
      at Generator.next (<anonymous>)
      at step (/usr/local/lib/node_modules/yarn/lib/cli.js:310:30)
      at /usr/local/lib/node_modules/yarn/lib/cli.js:321:13

npm manifest: 
  {
      "name": "front",
      "version": "0.1.0",
      "private": true,
      "scripts": {
          "serve": "vue-cli-service serve",
          "build": "vue-cli-service build",
          "lint": "eslint --ext .js,.vue src", // 문법체크
          "fix": "eslint --fix --ext .js,.vue src" // 자동 fix 
      },
      "dependencies": {
          "axios": "^0.21.1",
          "core-js": "^3.6.5",
          "vue": "^2.6.11",
          "vue-router": "^3.5.1",
          "vuetify": "^2.4.0",
          "vuex": "^3.4.0"
      },
      "devDependencies": {
          "@vue/cli-plugin-babel": "~4.5.0",
          "@vue/cli-plugin-eslint": "~4.5.0",
          "@vue/cli-plugin-router": "~4.5.0",
          "@vue/cli-plugin-vuex": "~4.5.0",
          "@vue/cli-service": "~4.5.0",
          "babel-eslint": "^10.1.0",
          "eslint": "^6.8.0",
          "eslint-config-prettier": "^8.1.0",
          "eslint-plugin-prettier": "^3.3.1",
          "eslint-plugin-vue": "^6.2.2",
          "sass": "^1.32.0",
          "sass-loader": "^10.0.0",
          "vue-cli-plugin-vuetify": "~2.3.1",
          "vue-template-compiler": "^2.6.11",
          "vuetify-loader": "^1.7.0"
      }
  }

yarn manifest: 
  No manifest

Lockfile: 
  No lockfile
